{
  message: 'Redis adapter configured for Socket.IO clustering',
  level: 'info',
  timestamp: '2025-08-21T12:19:34.490Z'
}
{
  message: 'Redis adapter configured for Socket.IO clustering',
  level: 'info',
  timestamp: '2025-08-21T12:19:34.490Z'
}
{
  port: 5400,
  nodeEnv: undefined,
  serverId: 13356,
  level: 'info',
  message: 'Server running on http://localhost:5400',
  timestamp: '2025-08-21T12:19:34.498Z'
}
{
  message: 'Redis adapter configured for Socket.IO clustering',
  level: 'info',
  timestamp: '2025-08-21T12:19:52.838Z'
}
{
  port: 5400,
  nodeEnv: undefined,
  serverId: 8284,
  level: 'info',
  message: 'Server running on http://localhost:5400',
  timestamp: '2025-08-21T12:19:52.843Z'
}
{
  message: 'Redis adapter configured for Socket.IO clustering',
  level: 'info',
  timestamp: '2025-08-21T12:19:52.936Z'
}
{
  message: 'Redis adapter configured for Socket.IO clustering',
  level: 'info',
  timestamp: '2025-08-21T12:20:11.696Z'
}
{
  port: 5400,
  nodeEnv: undefined,
  serverId: 9284,
  level: 'info',
  message: 'Server running on http://localhost:5400',
  timestamp: '2025-08-21T12:20:11.701Z'
}
{
  message: 'Redis adapter configured for Socket.IO clustering',
  level: 'info',
  timestamp: '2025-08-21T12:20:11.816Z'
}
{
  message: 'Redis adapter configured for Socket.IO clustering',
  level: 'info',
  timestamp: '2025-08-21T12:20:47.665Z'
}
{
  port: 5400,
  nodeEnv: undefined,
  serverId: 14136,
  level: 'info',
  message: 'Server running on http://localhost:5400',
  timestamp: '2025-08-21T12:20:47.676Z'
}
{
  message: 'Redis adapter configured for Socket.IO clustering',
  level: 'info',
  timestamp: '2025-08-21T12:20:47.764Z'
}
{
  message: 'Redis adapter configured for Socket.IO clustering',
  level: 'info',
  timestamp: '2025-08-21T12:20:56.447Z'
}
{
  port: 5400,
  nodeEnv: undefined,
  serverId: 16788,
  level: 'info',
  message: 'Server running on http://localhost:5400',
  timestamp: '2025-08-21T12:20:56.452Z'
}
{
  message: 'Redis adapter configured for Socket.IO clustering',
  level: 'info',
  timestamp: '2025-08-21T12:20:56.567Z'
}
{
  message: 'Redis adapter configured for Socket.IO clustering',
  level: 'info',
  timestamp: '2025-08-21T12:21:10.273Z'
}
{
  port: 5400,
  nodeEnv: undefined,
  serverId: 5272,
  level: 'info',
  message: 'Server running on http://localhost:5400',
  timestamp: '2025-08-21T12:21:10.283Z'
}
{
  message: 'Redis adapter configured for Socket.IO clustering',
  level: 'info',
  timestamp: '2025-08-21T12:21:10.402Z'
}
{
  message: 'Redis adapter configured for Socket.IO clustering',
  level: 'info',
  timestamp: '2025-08-21T12:21:51.840Z'
}
{
  message: 'Redis adapter configured for Socket.IO clustering',
  level: 'info',
  timestamp: '2025-08-21T12:23:09.741Z'
}
{
  port: 5400,
  nodeEnv: undefined,
  serverId: 1324,
  level: 'info',
  message: 'Server running on http://localhost:5400',
  timestamp: '2025-08-21T12:23:09.745Z'
}
{
  socketId: 'mNTej0wq5wGQcGsiAAAB',
  token: 'missing',
  level: 'info',
  message: 'New socket connection attempt',
  timestamp: '2025-08-21T12:23:57.340Z'
}
{
  socketId: 'mNTej0wq5wGQcGsiAAAB',
  serverId: 1324,
  level: 'info',
  message: 'New client connected',
  timestamp: '2025-08-21T12:23:57.341Z'
}
{
  socketId: 'mNTej0wq5wGQcGsiAAAB',
  level: 'info',
  message: 'Setting up socket event listeners',
  timestamp: '2025-08-21T12:23:57.522Z'
}
{
  userId: undefined,
  socketId: 'mNTej0wq5wGQcGsiAAAB',
  level: 'info',
  message: 'User registration initiated',
  timestamp: '2025-08-21T12:24:42.459Z'
}
{
  error: 'User Id is required.',
  stack: 'Error: User Id is required.\n' +
    '    at Socket.register (F:\\temp\\server\\chat\\eventController.js:21:33)\n' +
    '    at Socket.<anonymous> (F:\\temp\\server\\utils\\util.js:95:26)\n' +
    '    at Socket.emit (node:events:524:28)\n' +
    '    at Socket.emitUntyped (F:\\temp\\server\\node_modules\\socket.io\\dist\\typed-events.js:69:22)\n' +
    '    at F:\\temp\\server\\node_modules\\socket.io\\dist\\socket.js:697:39\n' +
    '    at process.processTicksAndRejections (node:internal/process/task_queues:85:11)',
  socketId: 'mNTej0wq5wGQcGsiAAAB',
  level: 'error',
  message: 'Socket async error:',
  timestamp: '2025-08-21T12:24:42.461Z'
}
{
  userId: undefined,
  socketId: 'mNTej0wq5wGQcGsiAAAB',
  level: 'info',
  message: 'User registration initiated',
  timestamp: '2025-08-21T12:24:44.539Z'
}
{
  error: 'User Id is required.',
  stack: 'Error: User Id is required.\n' +
    '    at Socket.register (F:\\temp\\server\\chat\\eventController.js:21:33)\n' +
    '    at Socket.<anonymous> (F:\\temp\\server\\utils\\util.js:95:26)\n' +
    '    at Socket.emit (node:events:524:28)\n' +
    '    at Socket.emitUntyped (F:\\temp\\server\\node_modules\\socket.io\\dist\\typed-events.js:69:22)\n' +
    '    at F:\\temp\\server\\node_modules\\socket.io\\dist\\socket.js:697:39\n' +
    '    at process.processTicksAndRejections (node:internal/process/task_queues:85:11)',
  socketId: 'mNTej0wq5wGQcGsiAAAB',
  level: 'error',
  message: 'Socket async error:',
  timestamp: '2025-08-21T12:24:44.540Z'
}
{
  userId: 12,
  socketId: 'mNTej0wq5wGQcGsiAAAB',
  level: 'info',
  message: 'User registration initiated',
  timestamp: '2025-08-21T12:25:11.856Z'
}
{
  userId: 12,
  socketId: 'mNTej0wq5wGQcGsiAAAB',
  serverId: 1324,
  level: 'info',
  message: 'User registered successfully',
  timestamp: '2025-08-21T12:25:11.857Z'
}
{
  message: 'Response sent User registered successfully.',
  hasData: true,
  serverId: 1324,
  level: 'info',
  timestamp: '2025-08-21T12:25:11.859Z'
}
{
  chatId: undefined,
  socketId: 'mNTej0wq5wGQcGsiAAAB',
  userId: 12,
  level: 'info',
  message: 'User joining chat',
  timestamp: '2025-08-21T12:26:08.187Z'
}
{
  error: 'Chat Id is required.',
  stack: 'Error: Chat Id is required.\n' +
    '    at Socket.joinChat (F:\\temp\\server\\chat\\eventController.js:45:33)\n' +
    '    at Socket.<anonymous> (F:\\temp\\server\\utils\\util.js:95:26)\n' +
    '    at Socket.emit (node:events:524:28)\n' +
    '    at Socket.emitUntyped (F:\\temp\\server\\node_modules\\socket.io\\dist\\typed-events.js:69:22)\n' +
    '    at F:\\temp\\server\\node_modules\\socket.io\\dist\\socket.js:697:39\n' +
    '    at process.processTicksAndRejections (node:internal/process/task_queues:85:11)',
  socketId: 'mNTej0wq5wGQcGsiAAAB',
  level: 'error',
  message: 'Socket async error:',
  timestamp: '2025-08-21T12:26:08.189Z'
}
{
  chatId: 12,
  socketId: 'mNTej0wq5wGQcGsiAAAB',
  userId: 12,
  level: 'info',
  message: 'User joining chat',
  timestamp: '2025-08-21T12:26:17.643Z'
}
{
  chatId: 12,
  userId: 12,
  roomName: 'chat_12',
  level: 'info',
  message: 'User joined chat successfully',
  timestamp: '2025-08-21T12:26:17.646Z'
}
{
  message: 'Response sent Chat joined successfully.',
  hasData: true,
  serverId: 1324,
  level: 'info',
  timestamp: '2025-08-21T12:26:17.647Z'
}
{
  userId: undefined,
  chatId: 12,
  participantCount: 2,
  messageType: 'text',
  level: 'info',
  message: 'Message sending initiated',
  timestamp: '2025-08-21T12:26:46.274Z'
}
{
  error: 'User id is required.',
  stack: 'Error: User id is required.\n' +
    '    at Socket.sendMessage (F:\\temp\\server\\chat\\eventController.js:114:33)\n' +
    '    at Socket.<anonymous> (F:\\temp\\server\\utils\\util.js:95:26)\n' +
    '    at Socket.emit (node:events:524:28)\n' +
    '    at Socket.emitUntyped (F:\\temp\\server\\node_modules\\socket.io\\dist\\typed-events.js:69:22)\n' +
    '    at F:\\temp\\server\\node_modules\\socket.io\\dist\\socket.js:697:39\n' +
    '    at process.processTicksAndRejections (node:internal/process/task_queues:85:11)',
  socketId: 'mNTej0wq5wGQcGsiAAAB',
  level: 'error',
  message: 'Socket async error:',
  timestamp: '2025-08-21T12:26:46.275Z'
}
{
  userId: 12,
  chatId: 12,
  participantCount: 2,
  messageType: 'text',
  level: 'info',
  message: 'Message sending initiated',
  timestamp: '2025-08-21T12:26:58.828Z'
}
{
  error: 'Message data is required.',
  stack: 'Error: Message data is required.\n' +
    '    at Socket.sendMessage (F:\\temp\\server\\chat\\eventController.js:116:33)\n' +
    '    at Socket.<anonymous> (F:\\temp\\server\\utils\\util.js:95:26)\n' +
    '    at Socket.emit (node:events:524:28)\n' +
    '    at Socket.emitUntyped (F:\\temp\\server\\node_modules\\socket.io\\dist\\typed-events.js:69:22)\n' +
    '    at F:\\temp\\server\\node_modules\\socket.io\\dist\\socket.js:697:39\n' +
    '    at process.processTicksAndRejections (node:internal/process/task_queues:85:11)',
  socketId: 'mNTej0wq5wGQcGsiAAAB',
  level: 'error',
  message: 'Socket async error:',
  timestamp: '2025-08-21T12:26:58.831Z'
}
{
  userId: 12,
  chatId: 12,
  participantCount: 2,
  messageType: 'text',
  level: 'info',
  message: 'Message sending initiated',
  timestamp: '2025-08-21T12:27:26.627Z'
}
{
  roomId: 'chat_12',
  event: 'receive_message',
  serverId: 1324,
  level: 'info',
  message: 'Event emitted to room',
  timestamp: '2025-08-21T12:27:26.628Z'
}
{
  userId: 90,
  event: 'chat_list',
  serverId: 1324,
  level: 'info',
  message: 'Event emitted to user',
  timestamp: '2025-08-21T12:27:26.629Z'
}
{
  userId: 20,
  event: 'chat_list',
  serverId: 1324,
  level: 'info',
  message: 'Event emitted to user',
  timestamp: '2025-08-21T12:27:26.630Z'
}
{
  jobId: '1',
  jobType: 'saveMessage',
  data: '{"messageData":{"id":"e55313f1-208b-4dd3-bfb8-8b1ee852e83d","chatId":12,"userId":12,"content":{"message":"Hello test message."},"messageType":"text","timestamp":"2025-08-21T12:27:26.628Z","server_id":1324}}',
  level: 'info',
  message: 'Job added to message queue',
  timestamp: '2025-08-21T12:27:26.704Z'
}
{
  messageId: 'e55313f1-208b-4dd3-bfb8-8b1ee852e83d',
  level: 'info',
  message: 'Processing message save job',
  timestamp: '2025-08-21T12:27:26.713Z'
}
{
  jobId: '2',
  jobType: 'updateChatList',
  data: '{"chatId":12,"participants":[90,20]}',
  level: 'info',
  message: 'Job added to message queue',
  timestamp: '2025-08-21T12:27:26.713Z'
}
{
  jobId: '1',
  jobType: 'sendPushNotification',
  data: '{"userIds":[90,20],"message":"New message in chat 12","type":"new_message","data":{"id":"e55313f1-208b-4dd3-bfb8-8b1ee852e83d","chatId":12,"userId":12,"content":{"message":"Hello test message."},"messageType":"text","timestamp":"2025-08-21T12:27:26.628Z","server_id":1324}}',
  level: 'info',
  message: 'Job added to notification queue',
  timestamp: '2025-08-21T12:27:26.716Z'
}
{
  messageId: 'e55313f1-208b-4dd3-bfb8-8b1ee852e83d',
  chatId: 12,
  userId: 12,
  participantCount: 2,
  level: 'info',
  message: 'Message sent successfully',
  timestamp: '2025-08-21T12:27:26.716Z'
}
{
  message: 'Response sent Message sent successfully',
  hasData: true,
  serverId: 1324,
  level: 'info',
  timestamp: '2025-08-21T12:27:26.717Z'
}
{
  userId: undefined,
  type: 'new_message',
  level: 'info',
  message: 'Processing push notification',
  timestamp: '2025-08-21T12:27:26.718Z'
}
{
  chatId: 12,
  level: 'info',
  message: 'Processing chat list update',
  timestamp: '2025-08-21T12:27:26.721Z'
}
{
  chatId: 12,
  participants: 2,
  level: 'info',
  message: 'Chat list updated',
  timestamp: '2025-08-21T12:27:26.773Z'
}
{
  jobId: '2',
  result: { status: 'updated', chatId: 12 },
  level: 'info',
  message: 'Message queue job completed',
  timestamp: '2025-08-21T12:27:26.776Z'
}
{
  messageId: 'e55313f1-208b-4dd3-bfb8-8b1ee852e83d',
  level: 'info',
  message: 'Message saved successfully',
  timestamp: '2025-08-21T12:27:26.822Z'
}
{
  jobId: '1',
  result: {
    status: 'saved',
    messageId: 'e55313f1-208b-4dd3-bfb8-8b1ee852e83d'
  },
  level: 'info',
  message: 'Message queue job completed',
  timestamp: '2025-08-21T12:27:26.827Z'
}
{
  userId: undefined,
  type: 'new_message',
  level: 'info',
  message: 'Push notification sent',
  timestamp: '2025-08-21T12:27:26.933Z'
}
{
  jobId: '1',
  result: { status: 'sent', userId: undefined },
  level: 'info',
  message: 'Notification queue job completed',
  timestamp: '2025-08-21T12:27:26.934Z'
}
{
  message: 'Redis adapter configured for Socket.IO clustering',
  level: 'info',
  timestamp: '2025-08-21T12:29:46.573Z'
}
{
  port: 5400,
  nodeEnv: undefined,
  serverId: 1640,
  level: 'info',
  message: 'Server running on http://localhost:5400',
  timestamp: '2025-08-21T12:29:46.578Z'
}
{
  message: 'Redis adapter configured for Socket.IO clustering',
  level: 'info',
  timestamp: '2025-08-21T12:29:47.340Z'
}
{
  port: 5400,
  nodeEnv: undefined,
  serverId: 19276,
  level: 'info',
  message: 'Server running on http://localhost:5400',
  timestamp: '2025-08-21T12:29:47.345Z'
}
